Determining if the pthread_create exist failed with the following output:
Change Dir: /home/kerwin/workspace/LiDAR-Obstacle-Detection/build/CMakeFiles/CMakeTmp

Run Build Command:"/usr/bin/make" "cmTC_a04ad/fast"
/usr/bin/make -f CMakeFiles/cmTC_a04ad.dir/build.make CMakeFiles/cmTC_a04ad.dir/build
make[1]: Entering directory '/home/kerwin/workspace/LiDAR-Obstacle-Detection/build/CMakeFiles/CMakeTmp'
Building C object CMakeFiles/cmTC_a04ad.dir/CheckSymbolExists.c.o
/usr/lib/ccache/cc    -o CMakeFiles/cmTC_a04ad.dir/CheckSymbolExists.c.o   -c /home/kerwin/workspace/LiDAR-Obstacle-Detection/build/CMakeFiles/CMakeTmp/CheckSymbolExists.c
Linking C executable cmTC_a04ad
/usr/bin/cmake -E cmake_link_script CMakeFiles/cmTC_a04ad.dir/link.txt --verbose=1
/usr/lib/ccache/cc      -rdynamic CMakeFiles/cmTC_a04ad.dir/CheckSymbolExists.c.o  -o cmTC_a04ad 
CMakeFiles/cmTC_a04ad.dir/CheckSymbolExists.c.o: In function `main':
CheckSymbolExists.c:(.text+0x1b): undefined reference to `pthread_create'
collect2: error: ld returned 1 exit status
CMakeFiles/cmTC_a04ad.dir/build.make:97: recipe for target 'cmTC_a04ad' failed
make[1]: *** [cmTC_a04ad] Error 1
make[1]: Leaving directory '/home/kerwin/workspace/LiDAR-Obstacle-Detection/build/CMakeFiles/CMakeTmp'
Makefile:126: recipe for target 'cmTC_a04ad/fast' failed
make: *** [cmTC_a04ad/fast] Error 2

File /home/kerwin/workspace/LiDAR-Obstacle-Detection/build/CMakeFiles/CMakeTmp/CheckSymbolExists.c:
/* */
#include <pthread.h>

int main(int argc, char** argv)
{
  (void)argv;
#ifndef pthread_create
  return ((int*)(&pthread_create))[argc];
#else
  (void)argc;
  return 0;
#endif
}

Determining if the function pthread_create exists in the pthreads failed with the following output:
Change Dir: /home/kerwin/workspace/LiDAR-Obstacle-Detection/build/CMakeFiles/CMakeTmp

Run Build Command:"/usr/bin/make" "cmTC_f8b8e/fast"
/usr/bin/make -f CMakeFiles/cmTC_f8b8e.dir/build.make CMakeFiles/cmTC_f8b8e.dir/build
make[1]: Entering directory '/home/kerwin/workspace/LiDAR-Obstacle-Detection/build/CMakeFiles/CMakeTmp'
Building C object CMakeFiles/cmTC_f8b8e.dir/CheckFunctionExists.c.o
/usr/lib/ccache/cc   -DCHECK_FUNCTION_EXISTS=pthread_create   -o CMakeFiles/cmTC_f8b8e.dir/CheckFunctionExists.c.o   -c /usr/share/cmake-3.10/Modules/CheckFunctionExists.c
Linking C executable cmTC_f8b8e
/usr/bin/cmake -E cmake_link_script CMakeFiles/cmTC_f8b8e.dir/link.txt --verbose=1
/usr/lib/ccache/cc  -DCHECK_FUNCTION_EXISTS=pthread_create    -rdynamic CMakeFiles/cmTC_f8b8e.dir/CheckFunctionExists.c.o  -o cmTC_f8b8e -lpthreads 
/usr/bin/ld: cannot find -lpthreads
collect2: error: ld returned 1 exit status
CMakeFiles/cmTC_f8b8e.dir/build.make:97: recipe for target 'cmTC_f8b8e' failed
make[1]: *** [cmTC_f8b8e] Error 1
make[1]: Leaving directory '/home/kerwin/workspace/LiDAR-Obstacle-Detection/build/CMakeFiles/CMakeTmp'
Makefile:126: recipe for target 'cmTC_f8b8e/fast' failed
make: *** [cmTC_f8b8e/fast] Error 2


